✅ pass: clone
0 0 [8, 304.0, 193, 4732, 18.5, 70, 1, 10]
50 0.17 [8, 318, 150, 4457, 13.5, 74, 1, 10]
100 0.28 [6, 232, 100, 2901, 16, 74, 1, 20]
150 0.38 [8, 351, 142, 4054, 14.3, 79, 1, 20]
200 0.55 [4, 122, 96, 2300, 15.5, 77, 1, 30]
250 0.68 [4, 119, 82, 2720, 19.4, 82, 1, 30]
300 0.71 [4, 119, 97, 2545, 17, 75, 3, 20]
350 0.79 [4, 146, 67, 3250, 21.8, 80, 2, 30]
✅ pass: around
398 {'Acc+': 15.5, 'Lbs-': 2800.0, 'Mpg+': 20.0}
| 199 
| | 99 
| | | 49 
| | | | 24 {'Acc+': 15.8, 'Lbs-': 2320.0, 'Mpg+': 30.0}
| | | | 25 {'Acc+': 15.3, 'Lbs-': 2220.0, 'Mpg+': 30.0}
| | | 50 
| | | | 25 {'Acc+': 16.4, 'Lbs-': 2585.0, 'Mpg+': 30.0}
| | | | 25 {'Acc+': 15.5, 'Lbs-': 2582.0, 'Mpg+': 30.0}
| | 100 
| | | 50 
| | | | 25 {'Acc+': 16.0, 'Lbs-': 2228.0, 'Mpg+': 30.0}
| | | | 25 {'Acc+': 16.4, 'Lbs-': 2070.0, 'Mpg+': 30.0}
| | | 50 
| | | | 25 {'Acc+': 15.8, 'Lbs-': 2150.0, 'Mpg+': 30.0}
| | | | 25 {'Acc+': 16.8, 'Lbs-': 2290.0, 'Mpg+': 30.0}
| 199 
| | 99 
| | | 49 
| | | | 24 {'Acc+': 12.5, 'Lbs-': 4042.0, 'Mpg+': 10.0}
| | | | 25 {'Acc+': 12.0, 'Lbs-': 4354.0, 'Mpg+': 10.0}
| | | 50 
| | | | 25 {'Acc+': 13.7, 'Lbs-': 3940.0, 'Mpg+': 20.0}
| | | | 25 {'Acc+': 12.5, 'Lbs-': 4457.0, 'Mpg+': 10.0}
| | 100 
| | | 50 
| | | | 25 {'Acc+': 17.0, 'Lbs-': 2401.0, 'Mpg+': 20.0}
| | | | 25 {'Acc+': 15.5, 'Lbs-': 3021.0, 'Mpg+': 20.0}
| | | 50 
| | | | 25 {'Acc+': 16.7, 'Lbs-': 3265.0, 'Mpg+': 20.0}
| | | | 25 {'Acc+': 17.6, 'Lbs-': 3425.0, 'Mpg+': 20.0}
✅ pass: cluster
3 8 4 1.5503875968992247
{'Lbs-': 2800.0, 'Acc+': 15.5, 'Mpg+': 20.0}
✅ pass: data
199 199 398
[4, 105, 74, 2190, 14.2, 81, 2, 30] 0.8341469122100557
[4, 140, 89, 2755, 15.8, 77, 1, 30]
[8, 318, 150, 3436, 11, 70, 1, 20]
✅ pass: half
398 {'Acc+': 15.5, 'Lbs-': 2800.0, 'Mpg+': 20.0}
| 199 
| | 100 
| | | 50 
| | | | 25 {'Acc+': 16.4, 'Lbs-': 2070.0, 'Mpg+': 30.0}
✅ pass: optimize
{'seed': 937162211, 'bins': 16, 'cliffs': 0.147, 'file': '../../etc/data/auto93.csv', 'Far': 0.95, 'go': 'all', 'help': False, 'Halves': 512, 'min': 0.5, 'Max': 512, 'p': 2, 'rest': 4, 'Reuse': True}
✅ pass: the
✅ pass: sym
> 1.0 False
> 1.025 False
> 1.051 False
> 1.077 False
> 1.104 False
> 1.131 True
✅ pass: cliffs
✅ pass: rand
✅ pass: csv
x mid {'Clndrs': 4.0, 'Volume': 146.0, 'Model': 76.0, 'origin': 1}
div {'Clndrs': 1.55, 'Volume': 100.78, 'Model': 3.88, 'origin': 1.3273558482394003}
y mid {'Lbs-': 2800.0, 'Acc+': 15.5, 'Mpg+': 20.0}
div {'Lbs-': 887.21, 'Acc+': 2.71, 'Mpg+': 7.75}
✅ pass: stats
all    {'best': 12, 'rest': 48}

Clndrs -inf 3 0.083 {'best': 1}
Clndrs 3 4 0.64 {'best': 11, 'rest': 19}
Clndrs 4 inf 0.0 {'rest': 29}

Volume -inf 90 0.692 {'best': 9, 'rest': 3}
Volume 90 115 0.167 {'best': 3, 'rest': 6}
Volume 115 inf 0.0 {'rest': 39}

Model -inf 77 0.0 {'rest': 30}
Model 77 78 0.281 {'best': 4, 'rest': 3}
Model 78 79 0.121 {'best': 2, 'rest': 3}
Model 79 80 0.429 {'best': 6, 'rest': 4}
Model 80 inf 0.0 {'rest': 8}

origin 1 1 0.0 {'rest': 33}
origin 2 2 0.0 {'rest': 8}
origin 3 3 0.873 {'best': 12, 'rest': 7}
✅ pass: bins

all  {'Lbs-': 2800.0, 'Acc+': 15.5, 'Mpg+': 20.0}
     {'Lbs-': 887.21, 'Acc+': 2.71, 'Mpg+': 7.75}
N= 398

best {'Lbs-': 2019.0, 'Acc+': 16.6, 'Mpg+': 40.0}
     {'Lbs-': 129.84, 'Acc+': 2.6, 'Mpg+': 7.75}
N= 12

rest {'Lbs-': 3102.0, 'Acc+': 15.0, 'Mpg+': 20.0}
     {'Lbs-': 866.28, 'Acc+': 2.71, 'Mpg+': 7.75}
N= 48

all ~= best? {'Lbs-': True, 'Acc+': True, 'Mpg+': True}
best ~= rest? {'Lbs-': True, 'Acc+': True, 'Mpg+': True}
✅ pass: sway
