

X---------------------SSM.csv----------------------X

\begin{tabular}{lrr}
\toprule
 & NUMBERITERATIONS- & TIMETOSOLUTION- \\
title &  &  \\
\midrule
all & 7.00 & 134.89 \\
sway1 & 5.10 & 120.04 \\
sway2 & 5.40 & 120.22 \\
sway3 & 5.15 & 104.69 \\
top & 4.00 & 59.97 \\
xpln1 & 5.45 & 125.68 \\
xpln2 & 5.60 & 120.10 \\
xpln3 & 5.65 & 103.89 \\
samp tax1 & 1.90 & 14.85 \\
xpln tax1 & -0.35 & -5.64 \\
samp tax2 & 1.60 & 14.67 \\
xpln tax2 & -0.20 & 0.12 \\
samp tax3 & 1.85 & 30.20 \\
xpln tax3 & -0.50 & 0.80 \\
\bottomrule
\end{tabular}


\begin{tabular}{lll}
\toprule
 & NUMBERITERATIONS- & TIMETOSOLUTION- \\
\midrule
all to all & = & = \\
all to sway1 & ≠ & = \\
all to sway2 & ≠ & ≠ \\
all to sway3 & ≠ & ≠ \\
sway1 to sway2 & = & = \\
sway1 to sway3 & = & = \\
sway1 to xpln1 & = & = \\
sway2 to xpln2 & = & = \\
sway3 to xpln3 & ≠ & = \\
sway1 to top & ≠ & ≠ \\
sway2 to top & ≠ & ≠ \\
sway3 to top & ≠ & ≠ \\
\bottomrule
\end{tabular}


\begin{tabular}{lrrr}
\toprule
 & sway1_time & sway2_time & sway3_time \\
\midrule
0 & 4.957352 & 4.941271 & 5.766362 \\
\bottomrule
\end{tabular}


X---------------------SSN.csv----------------------X

\begin{tabular}{lrr}
\toprule
 & PSNR- & Energy- \\
title &  &  \\
\midrule
all & 45.91 & 1258.08 \\
sway1 & 44.32 & 944.61 \\
sway2 & 44.06 & 969.58 \\
sway3 & 45.04 & 705.76 \\
top & 26.70 & 465.94 \\
xpln1 & 45.34 & 1002.05 \\
xpln2 & 46.45 & 902.54 \\
xpln3 & 46.06 & 856.50 \\
samp tax1 & 1.59 & 313.47 \\
xpln tax1 & -1.02 & -57.44 \\
samp tax2 & 1.85 & 288.50 \\
xpln tax2 & -2.39 & 67.04 \\
samp tax3 & 0.87 & 552.32 \\
xpln tax3 & -1.02 & -150.74 \\
\bottomrule
\end{tabular}


\begin{tabular}{lll}
\toprule
 & PSNR- & Energy- \\
\midrule
all to all & = & = \\
all to sway1 & ≠ & ≠ \\
all to sway2 & ≠ & ≠ \\
all to sway3 & = & ≠ \\
sway1 to sway2 & = & = \\
sway1 to sway3 & = & ≠ \\
sway1 to xpln1 & = & = \\
sway2 to xpln2 & ≠ & = \\
sway3 to xpln3 & = & = \\
sway1 to top & ≠ & ≠ \\
sway2 to top & ≠ & ≠ \\
sway3 to top & ≠ & ≠ \\
\bottomrule
\end{tabular}


\begin{tabular}{lrrr}
\toprule
 & sway1_time & sway2_time & sway3_time \\
\midrule
0 & 2.118656 & 2.105528 & 2.270322 \\
\bottomrule
\end{tabular}


X--------------------auto2.csv---------------------X

\begin{tabular}{lrrrr}
\toprule
 & CityMPG+ & HighwayMPG+ & Weight- & Class- \\
title &  &  &  &  \\
\midrule
all & 21.00 & 28.00 & 3040.00 & 17.70 \\
sway1 & 29.45 & 34.50 & 2143.25 & 8.96 \\
sway2 & 29.00 & 33.70 & 2233.00 & 9.67 \\
sway3 & 29.20 & 34.75 & 2185.50 & 9.12 \\
top & 35.10 & 41.70 & 2045.00 & 8.60 \\
xpln1 & 28.25 & 32.75 & 2391.75 & 10.22 \\
xpln2 & 28.05 & 32.85 & 2387.00 & 10.68 \\
xpln3 & 30.05 & 34.10 & 2238.75 & 9.32 \\
samp tax1 & -8.45 & -6.50 & 896.75 & 8.74 \\
xpln tax1 & 1.20 & 1.75 & -248.50 & -1.26 \\
samp tax2 & -8.00 & -5.70 & 807.00 & 8.03 \\
xpln tax2 & 0.95 & 0.85 & -154.00 & -1.01 \\
samp tax3 & -8.20 & -6.75 & 854.50 & 8.58 \\
xpln tax3 & -0.85 & 0.65 & -53.25 & -0.20 \\
\bottomrule
\end{tabular}


\begin{tabular}{lllll}
\toprule
 & CityMPG+ & HighwayMPG+ & Weight- & Class- \\
\midrule
all to all & = & = & = & = \\
all to sway1 & ≠ & ≠ & ≠ & ≠ \\
all to sway2 & ≠ & ≠ & ≠ & ≠ \\
all to sway3 & ≠ & ≠ & ≠ & ≠ \\
sway1 to sway2 & = & = & = & = \\
sway1 to sway3 & = & = & = & = \\
sway1 to xpln1 & = & ≠ & ≠ & ≠ \\
sway2 to xpln2 & = & = & = & ≠ \\
sway3 to xpln3 & = & = & = & = \\
sway1 to top & ≠ & ≠ & = & = \\
sway2 to top & ≠ & ≠ & = & = \\
sway3 to top & ≠ & ≠ & ≠ & = \\
\bottomrule
\end{tabular}


\begin{tabular}{lrrr}
\toprule
 & sway1_time & sway2_time & sway3_time \\
\midrule
0 & 0.028610 & 0.026576 & 0.027266 \\
\bottomrule
\end{tabular}


X--------------------auto93.csv--------------------X

\begin{tabular}{lrrr}
\toprule
 & Lbs- & Acc+ & Mpg+ \\
title &  &  &  \\
\midrule
all & 2800.00 & 15.50 & 20.00 \\
sway1 & 2156.45 & 16.47 & 29.50 \\
sway2 & 2113.85 & 16.02 & 29.50 \\
sway3 & 2136.85 & 16.33 & 31.50 \\
top & 1991.00 & 18.80 & 40.00 \\
xpln1 & 2285.35 & 15.80 & 28.00 \\
xpln2 & 2203.00 & 16.06 & 28.00 \\
xpln3 & 2229.85 & 16.27 & 30.00 \\
samp tax1 & 643.55 & -0.97 & -9.50 \\
xpln tax1 & -128.90 & 0.67 & 1.50 \\
samp tax2 & 686.15 & -0.52 & -9.50 \\
xpln tax2 & -89.15 & -0.04 & 1.50 \\
samp tax3 & 663.15 & -0.83 & -11.50 \\
xpln tax3 & -93.00 & 0.06 & 1.50 \\
\bottomrule
\end{tabular}


\begin{tabular}{llll}
\toprule
 & Lbs- & Acc+ & Mpg+ \\
\midrule
all to all & = & = & = \\
all to sway1 & ≠ & ≠ & ≠ \\
all to sway2 & ≠ & ≠ & ≠ \\
all to sway3 & ≠ & ≠ & ≠ \\
sway1 to sway2 & = & = & = \\
sway1 to sway3 & = & = & = \\
sway1 to xpln1 & = & = & = \\
sway2 to xpln2 & ≠ & = & = \\
sway3 to xpln3 & = & = & = \\
sway1 to top & ≠ & ≠ & ≠ \\
sway2 to top & ≠ & ≠ & ≠ \\
sway3 to top & ≠ & ≠ & ≠ \\
\bottomrule
\end{tabular}


\begin{tabular}{lrrr}
\toprule
 & sway1_time & sway2_time & sway3_time \\
\midrule
0 & 0.013562 & 0.015150 & 0.016153 \\
\bottomrule
\end{tabular}


X--------------------china.csv---------------------X

\begin{tabular}{lr}
\toprule
 & N_effort- \\
title &  \\
\midrule
all & 2098.00 \\
sway1 & 652.30 \\
sway2 & 599.25 \\
sway3 & 429.75 \\
top & 145.00 \\
xpln1 & 1034.40 \\
xpln2 & 1133.05 \\
xpln3 & 644.70 \\
samp tax1 & 1445.70 \\
xpln tax1 & -382.10 \\
samp tax2 & 1498.75 \\
xpln tax2 & -533.80 \\
samp tax3 & 1668.25 \\
xpln tax3 & -214.95 \\
\bottomrule
\end{tabular}


\begin{tabular}{ll}
\toprule
 & N_effort- \\
\midrule
all to all & = \\
all to sway1 & ≠ \\
all to sway2 & ≠ \\
all to sway3 & ≠ \\
sway1 to sway2 & = \\
sway1 to sway3 & = \\
sway1 to xpln1 & ≠ \\
sway2 to xpln2 & ≠ \\
sway3 to xpln3 & ≠ \\
sway1 to top & ≠ \\
sway2 to top & ≠ \\
sway3 to top & ≠ \\
\bottomrule
\end{tabular}


\begin{tabular}{lrrr}
\toprule
 & sway1_time & sway2_time & sway3_time \\
\midrule
0 & 0.059103 & 0.046812 & 0.047329 \\
\bottomrule
\end{tabular}


X-------------------coc1000.csv--------------------X

\begin{tabular}{lrrrrr}
\toprule
 & LOC+ & AEXP- & PLEX- & RISK- & EFFORT- \\
title &  &  &  &  &  \\
\midrule
all & 1060.00 & 3.00 & 3.00 & 5.00 & 19641.00 \\
sway1 & 1121.40 & 2.80 & 3.00 & 4.60 & 20114.00 \\
sway2 & 1051.45 & 2.65 & 3.00 & 3.95 & 17797.10 \\
sway3 & 1062.50 & 3.05 & 3.00 & 2.00 & 13279.25 \\
top & 1540.00 & 2.00 & 1.00 & 3.00 & 30241.00 \\
xpln1 & 1042.25 & 2.90 & 3.05 & 5.10 & 20568.50 \\
xpln2 & 1044.35 & 3.00 & 3.00 & 4.80 & 18256.65 \\
xpln3 & 1056.00 & 3.00 & 3.00 & 4.85 & 18220.10 \\
samp tax1 & -61.40 & 0.20 & 0.00 & 0.40 & -473.00 \\
xpln tax1 & 79.15 & -0.10 & -0.05 & -0.50 & -454.50 \\
samp tax2 & 8.55 & 0.35 & 0.00 & 1.05 & 1843.90 \\
xpln tax2 & 7.10 & -0.35 & 0.00 & -0.85 & -459.55 \\
samp tax3 & -2.50 & -0.05 & 0.00 & 3.00 & 6361.75 \\
xpln tax3 & 6.50 & 0.05 & 0.00 & -2.85 & -4940.85 \\
\bottomrule
\end{tabular}


\begin{tabular}{llllll}
\toprule
 & LOC+ & AEXP- & PLEX- & RISK- & EFFORT- \\
\midrule
all to all & = & = & = & = & = \\
all to sway1 & ≠ & = & = & = & = \\
all to sway2 & = & ≠ & = & ≠ & = \\
all to sway3 & = & = & = & ≠ & ≠ \\
sway1 to sway2 & = & = & = & = & = \\
sway1 to sway3 & = & = & = & ≠ & ≠ \\
sway1 to xpln1 & ≠ & = & = & = & = \\
sway2 to xpln2 & = & ≠ & = & = & = \\
sway3 to xpln3 & = & = & = & ≠ & ≠ \\
sway1 to top & ≠ & ≠ & ≠ & ≠ & ≠ \\
sway2 to top & ≠ & ≠ & ≠ & = & ≠ \\
sway3 to top & ≠ & ≠ & ≠ & ≠ & ≠ \\
\bottomrule
\end{tabular}


\begin{tabular}{lrrr}
\toprule
 & sway1_time & sway2_time & sway3_time \\
\midrule
0 & 0.067352 & 0.067519 & 0.080550 \\
\bottomrule
\end{tabular}


X-------------------coc10000.csv-------------------X

\begin{tabular}{lrrr}
\toprule
 & Loc+ & Risk- & Effort- \\
title &  &  &  \\
\midrule
all & 1012.00 & 5.00 & 19693.00 \\
sway1 & 1087.85 & 3.85 & 17404.50 \\
sway2 & 1014.60 & 2.80 & 12488.45 \\
sway3 & 1024.70 & 2.25 & 13895.35 \\
top & 1959.00 & 0.00 & 17733.00 \\
xpln1 & 1011.70 & 4.80 & 19050.25 \\
xpln2 & 1011.75 & 4.50 & 18312.60 \\
xpln3 & 1012.55 & 5.05 & 19202.35 \\
samp tax1 & -75.85 & 1.15 & 2288.50 \\
xpln tax1 & 76.15 & -0.95 & -1645.75 \\
samp tax2 & -2.60 & 2.20 & 7204.55 \\
xpln tax2 & 2.85 & -1.70 & -5824.15 \\
samp tax3 & -12.70 & 2.75 & 5797.65 \\
xpln tax3 & 12.15 & -2.80 & -5307.00 \\
\bottomrule
\end{tabular}


\begin{tabular}{llll}
\toprule
 & Loc+ & Risk- & Effort- \\
\midrule
all to all & = & = & = \\
all to sway1 & ≠ & ≠ & ≠ \\
all to sway2 & = & ≠ & ≠ \\
all to sway3 & = & ≠ & ≠ \\
sway1 to sway2 & ≠ & = & ≠ \\
sway1 to sway3 & = & ≠ & = \\
sway1 to xpln1 & ≠ & = & = \\
sway2 to xpln2 & = & ≠ & ≠ \\
sway3 to xpln3 & = & ≠ & ≠ \\
sway1 to top & ≠ & ≠ & = \\
sway2 to top & ≠ & ≠ & ≠ \\
sway3 to top & ≠ & ≠ & ≠ \\
\bottomrule
\end{tabular}


\begin{tabular}{lrrr}
\toprule
 & sway1_time & sway2_time & sway3_time \\
\midrule
0 & 0.541191 & 0.543763 & 0.573709 \\
\bottomrule
\end{tabular}


X-------healthCloseIsses12mths0001-hard.csv--------X

\begin{tabular}{lrrr}
\toprule
 & MRE- & ACC+ & PRED40+ \\
title &  &  &  \\
\midrule
all & 75.04 & 7.14 & 25.00 \\
sway1 & 74.06 & 7.44 & 25.00 \\
sway2 & 97.34 & 0.76 & 36.25 \\
sway3 & 77.70 & 6.39 & 26.88 \\
top & 64.86 & 11.33 & 25.00 \\
xpln1 & 75.10 & 7.21 & 25.00 \\
xpln2 & 97.38 & 0.76 & 36.25 \\
xpln3 & 77.70 & 6.40 & 26.88 \\
samp tax1 & 0.98 & -0.30 & 0.00 \\
xpln tax1 & -1.04 & 0.23 & 0.00 \\
samp tax2 & -22.30 & 6.38 & -11.25 \\
xpln tax2 & -0.04 & 0.00 & 0.00 \\
samp tax3 & -2.66 & 0.75 & -1.88 \\
xpln tax3 & 0.00 & -0.01 & 0.00 \\
\bottomrule
\end{tabular}


\begin{tabular}{llll}
\toprule
 & MRE- & ACC+ & PRED40+ \\
\midrule
all to all & = & = & = \\
all to sway1 & ≠ & ≠ & = \\
all to sway2 & ≠ & ≠ & ≠ \\
all to sway3 & ≠ & ≠ & = \\
sway1 to sway2 & ≠ & ≠ & ≠ \\
sway1 to sway3 & = & = & = \\
sway1 to xpln1 & = & = & = \\
sway2 to xpln2 & = & = & = \\
sway3 to xpln3 & = & = & = \\
sway1 to top & ≠ & ≠ & = \\
sway2 to top & ≠ & ≠ & ≠ \\
sway3 to top & ≠ & ≠ & = \\
\bottomrule
\end{tabular}


\begin{tabular}{lrrr}
\toprule
 & sway1_time & sway2_time & sway3_time \\
\midrule
0 & 0.156974 & 0.154835 & 0.178213 \\
\bottomrule
\end{tabular}


X-------healthCloseIsses12mths0011-easy.csv--------X

\begin{tabular}{lrrr}
\toprule
 & MRE- & ACC+ & PRED40+ \\
title &  &  &  \\
\midrule
all & 119.33 & -12.24 & 0.00 \\
sway1 & 15.08 & -0.10 & 66.66 \\
sway2 & 15.08 & -0.08 & 70.83 \\
sway3 & 52.05 & -4.46 & 41.66 \\
top & 0.00 & 0.00 & 83.33 \\
xpln1 & 0.00 & 0.00 & 83.33 \\
xpln2 & 5.03 & -0.02 & 79.16 \\
xpln3 & 42.00 & -4.38 & 54.16 \\
samp tax1 & 104.25 & -12.14 & -66.66 \\
xpln tax1 & 15.08 & -0.10 & -16.67 \\
samp tax2 & 104.25 & -12.16 & -70.83 \\
xpln tax2 & 10.05 & -0.06 & -8.33 \\
samp tax3 & 67.28 & -7.78 & -41.66 \\
xpln tax3 & 10.05 & -0.08 & -12.50 \\
\bottomrule
\end{tabular}


\begin{tabular}{llll}
\toprule
 & MRE- & ACC+ & PRED40+ \\
\midrule
all to all & = & = & = \\
all to sway1 & ≠ & ≠ & ≠ \\
all to sway2 & ≠ & ≠ & ≠ \\
all to sway3 & ≠ & ≠ & ≠ \\
sway1 to sway2 & = & = & = \\
sway1 to sway3 & ≠ & ≠ & = \\
sway1 to xpln1 & = & = & = \\
sway2 to xpln2 & = & = & = \\
sway3 to xpln3 & = & = & = \\
sway1 to top & = & = & = \\
sway2 to top & = & = & = \\
sway3 to top & ≠ & ≠ & ≠ \\
\bottomrule
\end{tabular}


\begin{tabular}{lrrr}
\toprule
 & sway1_time & sway2_time & sway3_time \\
\midrule
0 & 0.156020 & 0.155442 & 0.183132 \\
\bottomrule
\end{tabular}


X------------------nasa93dem.csv-------------------X

\begin{tabular}{lrrrr}
\toprule
 & Kloc+ & Effort- & Defects- & Months- \\
title &  &  &  &  \\
\midrule
all & 47.50 & 252.00 & 2007.00 & 21.40 \\
sway1 & 27.61 & 242.10 & 1085.15 & 17.60 \\
sway2 & 24.46 & 124.06 & 934.80 & 16.62 \\
sway3 & 25.46 & 126.12 & 948.75 & 16.54 \\
top & 3.50 & 10.80 & 109.00 & 7.80 \\
xpln1 & 29.24 & 270.38 & 1219.85 & 18.64 \\
xpln2 & 32.26 & 177.90 & 1367.95 & 18.99 \\
xpln3 & 24.90 & 101.89 & 960.10 & 16.76 \\
samp tax1 & 19.89 & 9.90 & 921.85 & 3.80 \\
xpln tax1 & -1.63 & -28.28 & -134.70 & -1.04 \\
samp tax2 & 23.04 & 127.94 & 1072.20 & 4.78 \\
xpln tax2 & -7.80 & -53.84 & -433.15 & -2.37 \\
samp tax3 & 22.04 & 125.88 & 1058.25 & 4.86 \\
xpln tax3 & 0.56 & 24.23 & -11.35 & -0.22 \\
\bottomrule
\end{tabular}


\begin{tabular}{lllll}
\toprule
 & Kloc+ & Effort- & Defects- & Months- \\
\midrule
all to all & = & = & = & = \\
all to sway1 & ≠ & = & ≠ & ≠ \\
all to sway2 & ≠ & ≠ & ≠ & ≠ \\
all to sway3 & ≠ & ≠ & ≠ & ≠ \\
sway1 to sway2 & = & = & = & = \\
sway1 to sway3 & = & = & = & = \\
sway1 to xpln1 & = & = & = & = \\
sway2 to xpln2 & = & = & = & = \\
sway3 to xpln3 & = & = & = & = \\
sway1 to top & ≠ & ≠ & ≠ & ≠ \\
sway2 to top & ≠ & ≠ & ≠ & ≠ \\
sway3 to top & ≠ & ≠ & ≠ & ≠ \\
\bottomrule
\end{tabular}


\begin{tabular}{lrrr}
\toprule
 & sway1_time & sway2_time & sway3_time \\
\midrule
0 & 0.010030 & 0.009847 & 0.010087 \\
\bottomrule
\end{tabular}


X---------------------pom.csv----------------------X

\begin{tabular}{lrrr}
\toprule
 & Cost- & Completion+ & Idle- \\
title &  &  &  \\
\midrule
all & 327.30 & 0.90 & 0.24 \\
sway1 & 203.51 & 0.89 & 0.22 \\
sway2 & 240.41 & 0.89 & 0.22 \\
sway3 & 158.15 & 0.89 & 0.25 \\
top & 138.52 & 1.00 & 0.00 \\
xpln1 & 330.08 & 0.90 & 0.24 \\
xpln2 & 293.26 & 0.89 & 0.24 \\
xpln3 & 268.72 & 0.89 & 0.25 \\
samp tax1 & 123.79 & 0.01 & 0.02 \\
xpln tax1 & -126.57 & -0.01 & -0.02 \\
samp tax2 & 86.89 & 0.01 & 0.02 \\
xpln tax2 & -52.85 & 0.00 & -0.02 \\
samp tax3 & 169.15 & 0.01 & -0.01 \\
xpln tax3 & -110.57 & 0.00 & 0.00 \\
\bottomrule
\end{tabular}


\begin{tabular}{llll}
\toprule
 & Cost- & Completion+ & Idle- \\
\midrule
all to all & = & = & = \\
all to sway1 & ≠ & = & = \\
all to sway2 & ≠ & ≠ & = \\
all to sway3 & ≠ & ≠ & = \\
sway1 to sway2 & = & = & = \\
sway1 to sway3 & ≠ & = & = \\
sway1 to xpln1 & ≠ & = & = \\
sway2 to xpln2 & ≠ & = & = \\
sway3 to xpln3 & ≠ & = & = \\
sway1 to top & ≠ & ≠ & ≠ \\
sway2 to top & ≠ & ≠ & ≠ \\
sway3 to top & ≠ & ≠ & ≠ \\
\bottomrule
\end{tabular}


\begin{tabular}{lrrr}
\toprule
 & sway1_time & sway2_time & sway3_time \\
\midrule
0 & 0.282740 & 0.281328 & 0.309324 \\
\bottomrule
\end{tabular}
