

X---------------------SSM.csv----------------------X

\begin{tabular}{lrr}
\toprule
 & NUMBERITERATIONS- & TIMETOSOLUTION- \\
title &  &  \\
\midrule
all & 7.00 & 134.89 \\
sway1 & 5.30 & 116.05 \\
sway2 & 5.65 & 120.05 \\
sway3 & 5.20 & 114.02 \\
top & 4.00 & 59.97 \\
xpln1 & 5.55 & 120.43 \\
xpln2 & 5.60 & 126.39 \\
xpln3 & 5.90 & 113.55 \\
\bottomrule
\end{tabular}


\begin{tabular}{lll}
\toprule
 & NUMBERITERATIONS- & TIMETOSOLUTION- \\
\midrule
all to all & = & = \\
all to sway1 & ≠ & ≠ \\
all to sway2 & ≠ & ≠ \\
all to sway3 & ≠ & ≠ \\
sway1 to sway2 & = & = \\
sway1 to sway3 & = & = \\
sway1 to xpln1 & = & = \\
sway2 to xpln2 & = & = \\
sway3 to xpln3 & ≠ & = \\
sway1 to top & ≠ & ≠ \\
sway2 to top & ≠ & ≠ \\
sway3 to top & ≠ & ≠ \\
\bottomrule
\end{tabular}


\begin{tabular}{lrrr}
\toprule
 & sway1_time & sway2_time & sway3_time \\
\midrule
0 & 4.827727 & 4.830085 & 5.369060 \\
\bottomrule
\end{tabular}


X---------------------SSN.csv----------------------X

\begin{tabular}{lrr}
\toprule
 & PSNR- & Energy- \\
title &  &  \\
\midrule
all & 45.91 & 1258.08 \\
sway1 & 44.02 & 1304.99 \\
sway2 & 44.89 & 1139.13 \\
sway3 & 43.72 & 845.57 \\
top & 26.70 & 465.94 \\
xpln1 & 44.87 & 1284.16 \\
xpln2 & 46.35 & 1237.91 \\
xpln3 & 44.76 & 977.48 \\
\bottomrule
\end{tabular}


\begin{tabular}{lll}
\toprule
 & PSNR- & Energy- \\
\midrule
all to all & = & = \\
all to sway1 & ≠ & = \\
all to sway2 & = & ≠ \\
all to sway3 & ≠ & ≠ \\
sway1 to sway2 & = & = \\
sway1 to sway3 & = & = \\
sway1 to xpln1 & = & = \\
sway2 to xpln2 & = & = \\
sway3 to xpln3 & = & = \\
sway1 to top & ≠ & ≠ \\
sway2 to top & ≠ & ≠ \\
sway3 to top & ≠ & ≠ \\
\bottomrule
\end{tabular}


\begin{tabular}{lrrr}
\toprule
 & sway1_time & sway2_time & sway3_time \\
\midrule
0 & 2.008817 & 2.004715 & 2.112734 \\
\bottomrule
\end{tabular}


X--------------------auto2.csv---------------------X

\begin{tabular}{lrrrr}
\toprule
 & CityMPG+ & HighwayMPG+ & Weight- & Class- \\
title &  &  &  &  \\
\midrule
all & 21.00 & 28.00 & 3040.00 & 17.70 \\
sway1 & 28.65 & 33.65 & 2209.00 & 9.50 \\
sway2 & 29.40 & 34.15 & 2204.00 & 9.31 \\
sway3 & 29.15 & 34.50 & 2219.25 & 9.43 \\
top & 35.10 & 41.70 & 2045.00 & 8.60 \\
xpln1 & 28.20 & 33.05 & 2361.75 & 10.32 \\
xpln2 & 27.90 & 33.05 & 2369.75 & 10.14 \\
xpln3 & 28.65 & 33.35 & 2317.75 & 9.92 \\
\bottomrule
\end{tabular}


\begin{tabular}{lllll}
\toprule
 & CityMPG+ & HighwayMPG+ & Weight- & Class- \\
\midrule
all to all & = & = & = & = \\
all to sway1 & ≠ & ≠ & ≠ & ≠ \\
all to sway2 & ≠ & ≠ & ≠ & ≠ \\
all to sway3 & ≠ & ≠ & ≠ & ≠ \\
sway1 to sway2 & = & = & = & = \\
sway1 to sway3 & = & = & = & = \\
sway1 to xpln1 & = & = & = & = \\
sway2 to xpln2 & = & = & ≠ & = \\
sway3 to xpln3 & = & = & = & = \\
sway1 to top & ≠ & ≠ & ≠ & = \\
sway2 to top & ≠ & ≠ & ≠ & = \\
sway3 to top & ≠ & ≠ & ≠ & ≠ \\
\bottomrule
\end{tabular}


\begin{tabular}{lrrr}
\toprule
 & sway1_time & sway2_time & sway3_time \\
\midrule
0 & 0.023945 & 0.023885 & 0.023566 \\
\bottomrule
\end{tabular}


X--------------------auto93.csv--------------------X

\begin{tabular}{lrrr}
\toprule
 & Lbs- & Acc+ & Mpg+ \\
title &  &  &  \\
\midrule
all & 2800.00 & 15.50 & 20.00 \\
sway1 & 2114.00 & 16.33 & 33.00 \\
sway2 & 2080.90 & 16.04 & 31.00 \\
sway3 & 2115.55 & 16.42 & 31.50 \\
top & 1991.00 & 18.80 & 40.00 \\
xpln1 & 2191.55 & 16.15 & 31.50 \\
xpln2 & 2166.45 & 16.14 & 31.00 \\
xpln3 & 2254.70 & 16.27 & 29.50 \\
\bottomrule
\end{tabular}


\begin{tabular}{llll}
\toprule
 & Lbs- & Acc+ & Mpg+ \\
\midrule
all to all & = & = & = \\
all to sway1 & ≠ & ≠ & ≠ \\
all to sway2 & ≠ & ≠ & ≠ \\
all to sway3 & ≠ & ≠ & ≠ \\
sway1 to sway2 & = & = & = \\
sway1 to sway3 & = & = & = \\
sway1 to xpln1 & ≠ & = & = \\
sway2 to xpln2 & ≠ & = & = \\
sway3 to xpln3 & ≠ & = & = \\
sway1 to top & ≠ & ≠ & ≠ \\
sway2 to top & ≠ & ≠ & ≠ \\
sway3 to top & ≠ & ≠ & ≠ \\
\bottomrule
\end{tabular}


\begin{tabular}{lrrr}
\toprule
 & sway1_time & sway2_time & sway3_time \\
\midrule
0 & 0.012154 & 0.012090 & 0.012533 \\
\bottomrule
\end{tabular}


X--------------------china.csv---------------------X

\begin{tabular}{lr}
\toprule
 & N_effort- \\
title &  \\
\midrule
all & 2098.00 \\
sway1 & 477.70 \\
sway2 & 623.75 \\
sway3 & 326.75 \\
top & 145.00 \\
xpln1 & 808.85 \\
xpln2 & 1017.70 \\
xpln3 & 554.20 \\
\bottomrule
\end{tabular}


\begin{tabular}{ll}
\toprule
 & N_effort- \\
\midrule
all to all & = \\
all to sway1 & ≠ \\
all to sway2 & ≠ \\
all to sway3 & ≠ \\
sway1 to sway2 & = \\
sway1 to sway3 & ≠ \\
sway1 to xpln1 & = \\
sway2 to xpln2 & ≠ \\
sway3 to xpln3 & ≠ \\
sway1 to top & ≠ \\
sway2 to top & ≠ \\
sway3 to top & ≠ \\
\bottomrule
\end{tabular}


\begin{tabular}{lrrr}
\toprule
 & sway1_time & sway2_time & sway3_time \\
\midrule
0 & 0.042467 & 0.041222 & 0.041466 \\
\bottomrule
\end{tabular}


X-------------------coc1000.csv--------------------X

\begin{tabular}{lrrrrr}
\toprule
 & LOC+ & AEXP- & PLEX- & RISK- & EFFORT- \\
title &  &  &  &  &  \\
\midrule
all & 1060.00 & 3.00 & 3.00 & 5.00 & 19641.00 \\
sway1 & 1114.10 & 2.90 & 2.95 & 3.30 & 17615.90 \\
sway2 & 1088.15 & 2.85 & 3.00 & 3.30 & 14551.65 \\
sway3 & 1078.10 & 2.85 & 2.75 & 2.40 & 15232.60 \\
top & 1540.00 & 2.00 & 1.00 & 3.00 & 30241.00 \\
xpln1 & 1061.35 & 3.00 & 2.95 & 4.25 & 19637.45 \\
xpln2 & 1059.45 & 3.00 & 3.00 & 4.50 & 19301.05 \\
xpln3 & 1031.75 & 2.95 & 3.00 & 4.05 & 17032.05 \\
\bottomrule
\end{tabular}


\begin{tabular}{llllll}
\toprule
 & LOC+ & AEXP- & PLEX- & RISK- & EFFORT- \\
\midrule
all to all & = & = & = & = & = \\
all to sway1 & ≠ & = & = & ≠ & ≠ \\
all to sway2 & = & = & = & ≠ & ≠ \\
all to sway3 & = & = & = & ≠ & ≠ \\
sway1 to sway2 & = & = & = & = & = \\
sway1 to sway3 & = & = & = & = & = \\
sway1 to xpln1 & ≠ & = & = & = & = \\
sway2 to xpln2 & = & = & = & ≠ & ≠ \\
sway3 to xpln3 & = & = & = & ≠ & = \\
sway1 to top & ≠ & ≠ & ≠ & = & ≠ \\
sway2 to top & ≠ & ≠ & ≠ & = & ≠ \\
sway3 to top & ≠ & ≠ & ≠ & ≠ & ≠ \\
\bottomrule
\end{tabular}


\begin{tabular}{lrrr}
\toprule
 & sway1_time & sway2_time & sway3_time \\
\midrule
0 & 0.059934 & 0.059436 & 0.066015 \\
\bottomrule
\end{tabular}


X-------------------coc10000.csv-------------------X

\begin{tabular}{lrrr}
\toprule
 & Loc+ & Risk- & Effort- \\
title &  &  &  \\
\midrule
all & 1012.00 & 5.00 & 19693.00 \\
sway1 & 1013.90 & 4.25 & 16074.40 \\
sway2 & 948.55 & 2.90 & 12619.95 \\
sway3 & 995.80 & 3.20 & 14007.00 \\
top & 1959.00 & 0.00 & 17733.95 \\
xpln1 & 1011.45 & 5.20 & 18766.15 \\
xpln2 & 999.40 & 4.50 & 17722.10 \\
xpln3 & 1019.85 & 4.75 & 17848.40 \\
\bottomrule
\end{tabular}


\begin{tabular}{llll}
\toprule
 & Loc+ & Risk- & Effort- \\
\midrule
all to all & = & = & = \\
all to sway1 & = & = & ≠ \\
all to sway2 & ≠ & ≠ & ≠ \\
all to sway3 & = & ≠ & ≠ \\
sway1 to sway2 & = & ≠ & ≠ \\
sway1 to sway3 & = & = & = \\
sway1 to xpln1 & = & = & ≠ \\
sway2 to xpln2 & = & ≠ & ≠ \\
sway3 to xpln3 & = & ≠ & ≠ \\
sway1 to top & ≠ & ≠ & = \\
sway2 to top & ≠ & ≠ & ≠ \\
sway3 to top & ≠ & ≠ & ≠ \\
\bottomrule
\end{tabular}


\begin{tabular}{lrrr}
\toprule
 & sway1_time & sway2_time & sway3_time \\
\midrule
0 & 0.492337 & 0.492558 & 0.507144 \\
\bottomrule
\end{tabular}


X-------healthCloseIsses12mths0001-hard.csv--------X

\begin{tabular}{lrrr}
\toprule
 & MRE- & ACC+ & PRED40+ \\
title &  &  &  \\
\midrule
all & 75.04 & 7.14 & 25.00 \\
sway1 & 75.03 & 7.28 & 25.62 \\
sway2 & 94.75 & 1.50 & 35.00 \\
sway3 & 76.28 & 6.79 & 26.25 \\
top & 64.86 & 11.33 & 25.00 \\
xpln1 & 75.07 & 7.18 & 25.62 \\
xpln2 & 94.75 & 1.51 & 35.00 \\
xpln3 & 76.39 & 6.78 & 26.25 \\
\bottomrule
\end{tabular}


\begin{tabular}{llll}
\toprule
 & MRE- & ACC+ & PRED40+ \\
\midrule
all to all & = & = & = \\
all to sway1 & ≠ & ≠ & = \\
all to sway2 & ≠ & ≠ & ≠ \\
all to sway3 & ≠ & ≠ & = \\
sway1 to sway2 & ≠ & ≠ & ≠ \\
sway1 to sway3 & = & = & = \\
sway1 to xpln1 & = & = & = \\
sway2 to xpln2 & = & = & = \\
sway3 to xpln3 & = & = & = \\
sway1 to top & ≠ & ≠ & = \\
sway2 to top & ≠ & ≠ & ≠ \\
sway3 to top & ≠ & ≠ & = \\
\bottomrule
\end{tabular}


\begin{tabular}{lrrr}
\toprule
 & sway1_time & sway2_time & sway3_time \\
\midrule
0 & 0.148637 & 0.147097 & 0.161108 \\
\bottomrule
\end{tabular}


X-------healthCloseIsses12mths0011-easy.csv--------X

\begin{tabular}{lrrr}
\toprule
 & MRE- & ACC+ & PRED40+ \\
title &  &  &  \\
\midrule
all & 119.33 & -12.24 & 0.00 \\
sway1 & 20.10 & -0.13 & 63.33 \\
sway2 & 5.03 & -0.03 & 79.16 \\
sway3 & 85.14 & -6.39 & 20.83 \\
top & 0.00 & 0.00 & 83.33 \\
xpln1 & 0.00 & 0.00 & 83.33 \\
xpln2 & 0.00 & 0.00 & 83.33 \\
xpln3 & 65.03 & -6.28 & 37.50 \\
\bottomrule
\end{tabular}


\begin{tabular}{llll}
\toprule
 & MRE- & ACC+ & PRED40+ \\
\midrule
all to all & = & = & = \\
all to sway1 & ≠ & ≠ & ≠ \\
all to sway2 & ≠ & ≠ & ≠ \\
all to sway3 & ≠ & ≠ & ≠ \\
sway1 to sway2 & = & = & = \\
sway1 to sway3 & ≠ & ≠ & ≠ \\
sway1 to xpln1 & = & ≠ & ≠ \\
sway2 to xpln2 & = & = & = \\
sway3 to xpln3 & = & = & = \\
sway1 to top & = & ≠ & ≠ \\
sway2 to top & = & = & = \\
sway3 to top & ≠ & ≠ & ≠ \\
\bottomrule
\end{tabular}


\begin{tabular}{lrrr}
\toprule
 & sway1_time & sway2_time & sway3_time \\
\midrule
0 & 0.145162 & 0.142920 & 0.160176 \\
\bottomrule
\end{tabular}


X------------------nasa93dem.csv-------------------X

\begin{tabular}{lrrrr}
\toprule
 & Kloc+ & Effort- & Defects- & Months- \\
title &  &  &  &  \\
\midrule
all & 47.50 & 252.00 & 2007.00 & 21.40 \\
sway1 & 21.02 & 117.28 & 910.35 & 15.01 \\
sway2 & 15.98 & 89.00 & 705.40 & 15.04 \\
sway3 & 32.76 & 131.95 & 1382.65 & 16.48 \\
top & 3.50 & 10.80 & 109.00 & 7.80 \\
xpln1 & 27.69 & 134.55 & 1155.95 & 16.73 \\
xpln2 & 28.66 & 148.30 & 1146.60 & 17.38 \\
xpln3 & 35.75 & 141.06 & 1403.85 & 17.21 \\
\bottomrule
\end{tabular}


\begin{tabular}{lllll}
\toprule
 & Kloc+ & Effort- & Defects- & Months- \\
\midrule
all to all & = & = & = & = \\
all to sway1 & ≠ & ≠ & ≠ & ≠ \\
all to sway2 & ≠ & ≠ & ≠ & ≠ \\
all to sway3 & ≠ & ≠ & ≠ & ≠ \\
sway1 to sway2 & = & = & = & = \\
sway1 to sway3 & = & = & = & = \\
sway1 to xpln1 & = & = & = & = \\
sway2 to xpln2 & ≠ & = & ≠ & = \\
sway3 to xpln3 & = & = & = & = \\
sway1 to top & ≠ & ≠ & ≠ & ≠ \\
sway2 to top & ≠ & ≠ & ≠ & ≠ \\
sway3 to top & ≠ & ≠ & ≠ & ≠ \\
\bottomrule
\end{tabular}


\begin{tabular}{lrrr}
\toprule
 & sway1_time & sway2_time & sway3_time \\
\midrule
0 & 0.010662 & 0.009924 & 0.009979 \\
\bottomrule
\end{tabular}


X---------------------pom.csv----------------------X

\begin{tabular}{lrrr}
\toprule
 & Cost- & Completion+ & Idle- \\
title &  &  &  \\
\midrule
all & 327.30 & 0.90 & 0.24 \\
sway1 & 248.89 & 0.89 & 0.23 \\
sway2 & 221.34 & 0.89 & 0.23 \\
sway3 & 171.54 & 0.89 & 0.24 \\
top & 138.51 & 1.00 & 0.00 \\
xpln1 & 322.13 & 0.90 & 0.24 \\
xpln2 & 294.19 & 0.89 & 0.25 \\
xpln3 & 299.69 & 0.90 & 0.25 \\
\bottomrule
\end{tabular}


\begin{tabular}{llll}
\toprule
 & Cost- & Completion+ & Idle- \\
\midrule
all to all & = & = & = \\
all to sway1 & ≠ & ≠ & = \\
all to sway2 & ≠ & ≠ & = \\
all to sway3 & ≠ & ≠ & = \\
sway1 to sway2 & = & = & = \\
sway1 to sway3 & ≠ & = & = \\
sway1 to xpln1 & ≠ & = & = \\
sway2 to xpln2 & ≠ & = & = \\
sway3 to xpln3 & ≠ & = & = \\
sway1 to top & ≠ & ≠ & ≠ \\
sway2 to top & ≠ & ≠ & ≠ \\
sway3 to top & ≠ & ≠ & ≠ \\
\bottomrule
\end{tabular}


\begin{tabular}{lrrr}
\toprule
 & sway1_time & sway2_time & sway3_time \\
\midrule
0 & 0.264949 & 0.260113 & 0.276519 \\
\bottomrule
\end{tabular}
