
Clndrs -inf 4
Clndrs 4 inf

Volume -inf 90
Volume 90 115
Volume 115 inf

Model -inf 76
Model 76 79
Model 79 80
Model 80 inf

origin 1 1
origin 2 2
origin 3 3

origin 3 3 0.873 {'best': 12, 'rest': 7}
Clndrs -inf 4 0.716 {'best': 12, 'rest': 19}
Volume -inf 90 0.692 {'best': 9, 'rest': 3}
Model 79 80 0.429 {'best': 6, 'rest': 4}
Model 76 79 0.364 {'rest': 9, 'best': 6}
Volume 90 115 0.167 {'best': 3, 'rest': 6}
Clndrs 4 inf 0.0 {'rest': 29}
Volume 115 inf 0.0 {'rest': 39}
Model -inf 76 0.0 {'rest': 27}
Model 80 inf 0.0 {'rest': 8}
origin 1 1 0.0 {'rest': 33}
origin 2 2 0.0 {'rest': 8}
{'origin': [3]}
{'origin': [3], 'Clndrs': [[-inf, 4]]}
{'origin': [3], 'Clndrs': [[-inf, 4]], 'Volume': [[-inf, 90]]}
{'origin': [3], 'Clndrs': [[-inf, 4]], 'Volume': [[-inf, 90]], 'Model': [[79, 80]]}
{'origin': [3], 'Clndrs': [[-inf, 4]], 'Volume': [[-inf, 90]], 'Model': [[76, 80]]}
{'origin': [3], 'Clndrs': [[-inf, 4]], 'Volume': [[-inf, 115]], 'Model': [[76, 80]]}

-----------
explain= {'origin': [3]}
all                   {'Lbs-': 2800.0, 'Acc+': 15.5, 'Mpg+': 20.0} {'Lbs-': 887.21, 'Acc+': 2.71, 'Mpg+': 7.75}
sway with     6 evals {'Lbs-': 2019.0, 'Acc+': 16.6, 'Mpg+': 40.0} {'Lbs-': 129.84, 'Acc+': 2.6, 'Mpg+': 7.75}
xpln on       6 evals {'Lbs-': 2155.0, 'Acc+': 16.4, 'Mpg+': 30.0} {'Lbs-': 349.61, 'Acc+': 2.13, 'Mpg+': 7.75}
sort with   398 evals {'Lbs-': 1985.0, 'Acc+': 18.8, 'Mpg+': 40.0} {'Lbs-': 200.39, 'Acc+': 2.48, 'Mpg+': 0.0}
✅ pass: xpln
