
Culture -inf 0.109688884
Culture 0.109688884 0.116363465
Culture 0.116363465 0.122955728
Culture 0.122955728 0.129374334
Culture 0.129374334 0.136447088
Culture 0.136447088 0.143052097
Culture 0.143052097 0.149684039
Culture 0.149684039 0.162826695
Culture 0.162826695 inf

Criticality -inf 0.863035403
Criticality 0.863035403 0.894003252
Criticality 0.894003252 0.923289772
Criticality 0.923289772 0.952695532
Criticality 0.952695532 1.010113359
Criticality 1.010113359 1.069544193
Criticality 1.069544193 1.126938675
Criticality 1.126938675 inf

Criticality Modifier -inf 2
Criticality Modifier 2 3
Criticality Modifier 3 4
Criticality Modifier 4 5
Criticality Modifier 5 6
Criticality Modifier 6 inf

Initial Known -inf 0.64063696
Initial Known 0.64063696 0.684953246
Initial Known 0.684953246 0.709783572
Initial Known 0.709783572 0.734766803
Initial Known 0.734766803 0.781380946
Initial Known 0.781380946 0.802853792
Initial Known 0.802853792 0.827964097
Initial Known 0.827964097 0.849569893
Initial Known 0.849569893 0.874243648
Initial Known 0.874243648 0.921259783
Initial Known 0.921259783 inf

InterDependency -inf 81
InterDependency 81 84
InterDependency 84 86
InterDependency 86 89
InterDependency 89 90
InterDependency 90 91
InterDependency 91 94
InterDependency 94 96
InterDependency 96 inf

Dynamism -inf 2
Dynamism 2 3
Dynamism 3 4
Dynamism 4 5
Dynamism 5 6
Dynamism 6 7
Dynamism 7 8
Dynamism 8 inf

Size -inf 0
Size 0 inf

Plan -inf 0
Plan 0 1
Plan 1 2
Plan 2 3
Plan 3 inf

Team Size -inf 10
Team Size 10 11
Team Size 11 13
Team Size 13 14
Team Size 14 15
Team Size 15 inf

Score: -inf 0.899992141
Score: 0.899992141 0.966623953
Score: 0.966623953 inf

Size 0 inf 0.67 {'best': 78, 'rest': 154}
Score: 0.899992141 0.966623953 0.451 {'best': 62, 'rest': 189}
Team Size -inf 10 0.34 {'best': 35, 'rest': 45}
Criticality -inf 0.863035403 0.314 {'best': 30, 'rest': 27}
Plan 0 1 0.251 {'best': 30, 'rest': 64}
Team Size 10 11 0.228 {'best': 22, 'rest': 21}
Criticality Modifier 2 3 0.181 {'best': 22, 'rest': 49}
Culture -inf 0.109688884 0.18 {'best': 20, 'rest': 34}
Plan 1 2 0.168 {'best': 23, 'rest': 69}
InterDependency 96 inf 0.159 {'best': 20, 'rest': 49}
Criticality Modifier -inf 2 0.143 {'best': 18, 'rest': 44}
Criticality 0.863035403 0.894003252 0.143 {'best': 16, 'rest': 28}
Dynamism 5 6 0.125 {'best': 15, 'rest': 32}
Team Size 11 13 0.125 {'best': 17, 'rest': 51}
InterDependency 91 94 0.118 {'best': 15, 'rest': 38}
Culture 0.109688884 0.116363465 0.114 {'best': 12, 'rest': 17}
Dynamism 3 4 0.112 {'best': 14, 'rest': 34}
Culture 0.122955728 0.129374334 0.111 {'best': 13, 'rest': 26}
Criticality Modifier 3 4 0.109 {'best': 15, 'rest': 46}
Criticality 0.894003252 0.923289772 0.098 {'best': 11, 'rest': 19}
Dynamism 6 7 0.097 {'best': 13, 'rest': 37}
Culture 0.129374334 0.136447088 0.091 {'best': 11, 'rest': 24}
InterDependency 94 96 0.086 {'best': 11, 'rest': 28}
Criticality 0.923289772 0.952695532 0.078 {'best': 9, 'rest': 17}
Criticality Modifier 4 5 0.078 {'best': 13, 'rest': 59}
InterDependency 86 89 0.077 {'best': 11, 'rest': 37}
Plan -inf 0 0.076 {'best': 14, 'rest': 77}
Plan 2 3 0.071 {'best': 11, 'rest': 43}
Initial Known 0.874243648 0.921259783 0.069 {'best': 10, 'rest': 34}
Initial Known 0.781380946 0.802853792 0.063 {'best': 8, 'rest': 20}
Score: 0.966623953 inf 0.063 {'best': 11, 'rest': 55}
Culture 0.116363465 0.122955728 0.06 {'best': 8, 'rest': 23}
Dynamism 2 3 0.059 {'best': 9, 'rest': 34}
InterDependency 84 86 0.057 {'best': 9, 'rest': 37}
Initial Known 0.827964097 0.849569893 0.057 {'best': 8, 'rest': 26}
Initial Known 0.802853792 0.827964097 0.054 {'best': 8, 'rest': 29}
Initial Known 0.709783572 0.734766803 0.053 {'best': 7, 'rest': 19}
Initial Known 0.64063696 0.684953246 0.053 {'best': 8, 'rest': 30}
Dynamism 8 inf 0.052 {'best': 8, 'rest': 31}
Dynamism 4 5 0.048 {'best': 8, 'rest': 37}
Culture 0.136447088 0.143052097 0.042 {'best': 6, 'rest': 20}
Initial Known 0.734766803 0.781380946 0.042 {'best': 8, 'rest': 47}
InterDependency 90 91 0.041 {'best': 6, 'rest': 21}
Initial Known -inf 0.64063696 0.041 {'best': 7, 'rest': 34}
Criticality Modifier 5 6 0.031 {'best': 7, 'rest': 52}
Initial Known 0.849569893 0.874243648 0.031 {'best': 5, 'rest': 21}
Culture 0.149684039 0.162826695 0.029 {'best': 6, 'rest': 40}
Initial Known 0.684953246 0.709783572 0.028 {'best': 5, 'rest': 26}
Criticality 0.952695532 1.010113359 0.028 {'best': 6, 'rest': 43}
Dynamism 7 8 0.024 {'best': 6, 'rest': 52}
Initial Known 0.921259783 inf 0.02 {'best': 4, 'rest': 26}
Dynamism -inf 2 0.017 {'best': 5, 'rest': 55}
Criticality 1.010113359 1.069544193 0.015 {'best': 4, 'rest': 38}
Score: -inf 0.899992141 0.015 {'rest': 68, 'best': 5}
InterDependency 89 90 0.013 {'best': 3, 'rest': 23}
Team Size 13 14 0.01 {'best': 3, 'rest': 36}
InterDependency 81 84 0.008 {'rest': 47, 'best': 3}
Criticality Modifier 6 inf 0.006 {'best': 3, 'rest': 62}
Culture 0.143052097 0.149684039 0.005 {'best': 2, 'rest': 30}
Criticality 1.069544193 1.126938675 0.005 {'best': 2, 'rest': 37}
Team Size 14 15 0.001 {'best': 1, 'rest': 37}
Culture 0.162826695 inf 0.0 {'rest': 98}
Criticality 1.126938675 inf 0.0 {'rest': 103}
InterDependency -inf 81 0.0 {'rest': 32}
Size -inf 0 0.0 {'rest': 158}
Plan 3 inf 0.0 {'rest': 59}
Team Size 15 inf 0.0 {'rest': 122}
{'Size': [[0, inf]]}
{'Size': [[0, inf]], 'Score:': [[0.899992141, 0.966623953]]}
{'Size': [[0, inf]], 'Score:': [[0.899992141, 0.966623953]], 'Team Size': [[-inf, 10]]}
{'Size': [[0, inf]], 'Score:': [[0.899992141, 0.966623953]], 'Team Size': [[-inf, 10]], 'Criticality': [[-inf, 0.863035403]]}
{'Size': [[0, inf]], 'Score:': [[0.899992141, 0.966623953]], 'Team Size': [[-inf, 10]], 'Criticality': [[-inf, 0.863035403]], 'Plan': [[0, 1]]}
{'Size': [[0, inf]], 'Score:': [[0.899992141, 0.966623953]], 'Team Size': [[-inf, 11]], 'Criticality': [[-inf, 0.863035403]], 'Plan': [[0, 1]]}
{'Size': [[0, inf]], 'Score:': [[0.899992141, 0.966623953]], 'Team Size': [[-inf, 11]], 'Criticality': [[-inf, 0.863035403]], 'Plan': [[0, 1]], 'Criticality Modifier': [[2, 3]]}
{'Size': [[0, inf]], 'Score:': [[0.899992141, 0.966623953]], 'Team Size': [[-inf, 11]], 'Criticality': [[-inf, 0.863035403]], 'Plan': [[0, 1]], 'Criticality Modifier': [[2, 3]], 'Culture': [[-inf, 0.109688884]]}
{'Size': [[0, inf]], 'Score:': [[0.899992141, 0.966623953]], 'Team Size': [[-inf, 11]], 'Criticality': [[-inf, 0.863035403]], 'Plan': [[0, 2]], 'Criticality Modifier': [[2, 3]], 'Culture': [[-inf, 0.109688884]]}
{'Size': [[0, inf]], 'Score:': [[0.899992141, 0.966623953]], 'Team Size': [[-inf, 11]], 'Criticality': [[-inf, 0.863035403]], 'Plan': [[0, 2]], 'Criticality Modifier': [[2, 3]], 'Culture': [[-inf, 0.109688884]], 'InterDependency': [[96, inf]]}
{'Size': [[0, inf]], 'Score:': [[0.899992141, 0.966623953]], 'Team Size': [[-inf, 11]], 'Criticality': [[-inf, 0.863035403]], 'Plan': [[0, 2]], 'Criticality Modifier': [[-inf, 3]], 'Culture': [[-inf, 0.109688884]], 'InterDependency': [[96, inf]]}
{'Size': [[0, inf]], 'Score:': [[0.899992141, 0.966623953]], 'Team Size': [[-inf, 11]], 'Criticality': [[-inf, 0.894003252]], 'Plan': [[0, 2]], 'Criticality Modifier': [[-inf, 3]], 'Culture': [[-inf, 0.109688884]], 'InterDependency': [[96, inf]]}
{'Size': [[0, inf]], 'Score:': [[0.899992141, 0.966623953]], 'Team Size': [[-inf, 11]], 'Criticality': [[-inf, 0.894003252]], 'Plan': [[0, 2]], 'Criticality Modifier': [[-inf, 3]], 'Culture': [[-inf, 0.109688884]], 'InterDependency': [[96, inf]], 'Dynamism': [[5, 6]]}
{'Size': [[0, inf]], 'Score:': [[0.899992141, 0.966623953]], 'Team Size': [[-inf, 13]], 'Criticality': [[-inf, 0.894003252]], 'Plan': [[0, 2]], 'Criticality Modifier': [[-inf, 3]], 'Culture': [[-inf, 0.109688884]], 'InterDependency': [[96, inf]], 'Dynamism': [[5, 6]]}
{'Size': [[0, inf]], 'Score:': [[0.899992141, 0.966623953]], 'Team Size': [[-inf, 13]], 'Criticality': [[-inf, 0.894003252]], 'Plan': [[0, 2]], 'Criticality Modifier': [[-inf, 3]], 'Culture': [[-inf, 0.109688884]], 'InterDependency': [[91, 94], [96, inf]], 'Dynamism': [[5, 6]]}
{'Size': [[0, inf]], 'Score:': [[0.899992141, 0.966623953]], 'Team Size': [[-inf, 13]], 'Criticality': [[-inf, 0.894003252]], 'Plan': [[0, 2]], 'Criticality Modifier': [[-inf, 3]], 'Culture': [[-inf, 0.116363465]], 'InterDependency': [[91, 94], [96, inf]], 'Dynamism': [[5, 6]]}
{'Size': [[0, inf]], 'Score:': [[0.899992141, 0.966623953]], 'Team Size': [[-inf, 13]], 'Criticality': [[-inf, 0.894003252]], 'Plan': [[0, 2]], 'Criticality Modifier': [[-inf, 3]], 'Culture': [[-inf, 0.116363465]], 'InterDependency': [[91, 94], [96, inf]], 'Dynamism': [[3, 4], [5, 6]]}
{'Size': [[0, inf]], 'Score:': [[0.899992141, 0.966623953]], 'Team Size': [[-inf, 13]], 'Criticality': [[-inf, 0.894003252]], 'Plan': [[0, 2]], 'Criticality Modifier': [[-inf, 3]], 'Culture': [[-inf, 0.116363465], [0.122955728, 0.129374334]], 'InterDependency': [[91, 94], [96, inf]], 'Dynamism': [[3, 4], [5, 6]]}
{'Size': [[0, inf]], 'Score:': [[0.899992141, 0.966623953]], 'Team Size': [[-inf, 13]], 'Criticality': [[-inf, 0.894003252]], 'Plan': [[0, 2]], 'Criticality Modifier': [[-inf, 4]], 'Culture': [[-inf, 0.116363465], [0.122955728, 0.129374334]], 'InterDependency': [[91, 94], [96, inf]], 'Dynamism': [[3, 4], [5, 6]]}
{'Size': [[0, inf]], 'Score:': [[0.899992141, 0.966623953]], 'Team Size': [[-inf, 13]], 'Criticality': [[-inf, 0.923289772]], 'Plan': [[0, 2]], 'Criticality Modifier': [[-inf, 4]], 'Culture': [[-inf, 0.116363465], [0.122955728, 0.129374334]], 'InterDependency': [[91, 94], [96, inf]], 'Dynamism': [[3, 4], [5, 6]]}
{'Size': [[0, inf]], 'Score:': [[0.899992141, 0.966623953]], 'Team Size': [[-inf, 13]], 'Criticality': [[-inf, 0.923289772]], 'Plan': [[0, 2]], 'Criticality Modifier': [[-inf, 4]], 'Culture': [[-inf, 0.116363465], [0.122955728, 0.129374334]], 'InterDependency': [[91, 94], [96, inf]], 'Dynamism': [[3, 4], [5, 7]]}
{'Size': [[0, inf]], 'Score:': [[0.899992141, 0.966623953]], 'Team Size': [[-inf, 13]], 'Criticality': [[-inf, 0.923289772]], 'Plan': [[0, 2]], 'Criticality Modifier': [[-inf, 4]], 'Culture': [[-inf, 0.116363465], [0.122955728, 0.136447088]], 'InterDependency': [[91, 94], [96, inf]], 'Dynamism': [[3, 4], [5, 7]]}
{'Size': [[0, inf]], 'Score:': [[0.899992141, 0.966623953]], 'Team Size': [[-inf, 13]], 'Criticality': [[-inf, 0.923289772]], 'Plan': [[0, 2]], 'Criticality Modifier': [[-inf, 4]], 'Culture': [[-inf, 0.116363465], [0.122955728, 0.136447088]], 'InterDependency': [[91, inf]], 'Dynamism': [[3, 4], [5, 7]]}
{'Size': [[0, inf]], 'Score:': [[0.899992141, 0.966623953]], 'Team Size': [[-inf, 13]], 'Criticality': [[-inf, 0.952695532]], 'Plan': [[0, 2]], 'Criticality Modifier': [[-inf, 4]], 'Culture': [[-inf, 0.116363465], [0.122955728, 0.136447088]], 'InterDependency': [[91, inf]], 'Dynamism': [[3, 4], [5, 7]]}
{'Size': [[0, inf]], 'Score:': [[0.899992141, 0.966623953]], 'Team Size': [[-inf, 13]], 'Criticality': [[-inf, 0.952695532]], 'Plan': [[0, 2]], 'Criticality Modifier': [[-inf, 5]], 'Culture': [[-inf, 0.116363465], [0.122955728, 0.136447088]], 'InterDependency': [[91, inf]], 'Dynamism': [[3, 4], [5, 7]]}
{'Size': [[0, inf]], 'Score:': [[0.899992141, 0.966623953]], 'Team Size': [[-inf, 13]], 'Criticality': [[-inf, 0.952695532]], 'Plan': [[0, 2]], 'Criticality Modifier': [[-inf, 5]], 'Culture': [[-inf, 0.116363465], [0.122955728, 0.136447088]], 'InterDependency': [[86, 89], [91, inf]], 'Dynamism': [[3, 4], [5, 7]]}
{'Size': [[0, inf]], 'Score:': [[0.899992141, 0.966623953]], 'Team Size': [[-inf, 13]], 'Criticality': [[-inf, 0.952695532]], 'Plan': [[-inf, 2]], 'Criticality Modifier': [[-inf, 5]], 'Culture': [[-inf, 0.116363465], [0.122955728, 0.136447088]], 'InterDependency': [[86, 89], [91, inf]], 'Dynamism': [[3, 4], [5, 7]]}
{'Size': [[0, inf]], 'Score:': [[0.899992141, 0.966623953]], 'Team Size': [[-inf, 13]], 'Criticality': [[-inf, 0.952695532]], 'Plan': [[-inf, 3]], 'Criticality Modifier': [[-inf, 5]], 'Culture': [[-inf, 0.116363465], [0.122955728, 0.136447088]], 'InterDependency': [[86, 89], [91, inf]], 'Dynamism': [[3, 4], [5, 7]]}
{'Size': [[0, inf]], 'Score:': [[0.899992141, 0.966623953]], 'Team Size': [[-inf, 13]], 'Criticality': [[-inf, 0.952695532]], 'Plan': [[-inf, 3]], 'Criticality Modifier': [[-inf, 5]], 'Culture': [[-inf, 0.116363465], [0.122955728, 0.136447088]], 'InterDependency': [[86, 89], [91, inf]], 'Dynamism': [[3, 4], [5, 7]], 'Initial Known': [[0.874243648, 0.921259783]]}
